[debug] [2024-04-09T19:34:45.705Z] ----------------------------------------------------------------------
[debug] [2024-04-09T19:34:45.710Z] Command:       C:\Program Files\nodejs\node.exe C:\Users\ANMOL SAH\AppData\Roaming\npm\node_modules\firebase-tools\lib\bin\firebase.js init
[debug] [2024-04-09T19:34:45.712Z] CLI Version:   13.6.1
[debug] [2024-04-09T19:34:45.712Z] Platform:      win32
[debug] [2024-04-09T19:34:45.713Z] Node Version:  v18.16.0
[debug] [2024-04-09T19:34:45.723Z] Time:          Wed Apr 10 2024 01:04:45 GMT+0530 (India Standard Time)
[debug] [2024-04-09T19:34:45.724Z] ----------------------------------------------------------------------
[debug] 
[debug] [2024-04-09T19:34:45.732Z] >>> [apiv2][query] GET https://firebase-public.firebaseio.com/cli.json [none]
[debug] [2024-04-09T19:34:45.898Z] > command requires scopes: ["email","openid","https://www.googleapis.com/auth/cloudplatformprojects.readonly","https://www.googleapis.com/auth/firebase","https://www.googleapis.com/auth/cloud-platform"]
[debug] [2024-04-09T19:34:45.899Z] > authorizing via signed-in user (kumarxxx242424@gmail.com)
[info] 
     ######## #### ########  ######## ########     ###     ######  ########
     ##        ##  ##     ## ##       ##     ##  ##   ##  ##       ##
     ######    ##  ########  ######   ########  #########  ######  ######
     ##        ##  ##    ##  ##       ##     ## ##     ##       ## ##
     ##       #### ##     ## ######## ########  ##     ##  ######  ########

You're about to initialize a Firebase project in this directory:

  D:\my_projects\Beast

[debug] [2024-04-09T19:34:47.729Z] <<< [apiv2][status] GET https://firebase-public.firebaseio.com/cli.json 200
[debug] [2024-04-09T19:34:47.732Z] <<< [apiv2][body] GET https://firebase-public.firebaseio.com/cli.json {"cloudBuildErrorAfter":1594252800000,"cloudBuildWarnAfter":1590019200000,"defaultNode10After":1594252800000,"minVersion":"3.0.5","node8DeploysDisabledAfter":1613390400000,"node8RuntimeDisabledAfter":1615809600000,"node8WarnAfter":1600128000000}
